2025-04-19 14:46:38 [main] INFO  api.test.userTest - ****************** creating user**********************
2025-04-19 14:46:42 [main] INFO  api.test.userTest - ******************user is created**********************
2025-04-19 14:46:42 [main] INFO  api.test.userTest - ****************** retriving user**********************
2025-04-19 14:46:44 [main] INFO  api.test.userTest - ******************user is retrived **********************
2025-04-19 14:46:44 [main] INFO  api.test.userTest - ****************** Updating user**********************
2025-04-19 14:46:46 [main] INFO  api.test.userTest - ****************** deleting user**********************
2025-04-19 14:46:48 [main] INFO  api.test.userTest - ******************user id deleted**********************
2025-04-19 15:11:16 [main] INFO  api.test.userTest - ****************** creating user**********************
2025-04-19 15:11:21 [main] INFO  api.test.userTest - ******************user is created**********************
2025-04-19 15:11:21 [main] INFO  api.test.userTest - ****************** retriving user**********************
2025-04-19 15:11:23 [main] INFO  api.test.userTest - ******************user is retrived **********************
2025-04-19 15:11:23 [main] INFO  api.test.userTest - ****************** Updating user**********************
2025-04-19 15:11:26 [main] INFO  api.test.userTest - ******************user is Updated**********************
2025-04-19 15:11:26 [main] INFO  api.test.userTest - ****************** deleting user**********************
2025-04-19 15:11:27 [main] INFO  api.test.userTest - ******************user id deleted**********************
2025-04-19 15:24:56 [main] INFO  api.test.userTest - ****************** creating user**********************
2025-04-19 15:25:00 [main] INFO  api.test.userTest - ******************user is created**********************
2025-04-19 15:25:00 [main] INFO  api.test.userTest - ****************** retriving user**********************
2025-04-19 15:25:02 [main] INFO  api.test.userTest - ****************** Updating user**********************
2025-04-19 15:25:04 [main] INFO  api.test.userTest - ******************user is Updated**********************
2025-04-19 15:25:04 [main] INFO  api.test.userTest - ****************** deleting user**********************
2025-04-19 15:25:06 [main] INFO  api.test.userTest - ******************user id deleted**********************
2025-04-19 15:26:54 [main] INFO  api.test.userTest - ****************** creating user**********************
2025-04-19 15:26:58 [main] INFO  api.test.userTest - ******************user is created**********************
2025-04-19 15:26:58 [main] INFO  api.test.userTest - ****************** retriving user**********************
2025-04-19 15:26:59 [main] INFO  api.test.userTest - ****************** Updating user**********************
2025-04-19 15:27:02 [main] INFO  api.test.userTest - ******************user is Updated**********************
2025-04-19 15:27:02 [main] INFO  api.test.userTest - ****************** deleting user**********************
2025-04-19 15:27:04 [main] INFO  api.test.userTest - ******************user id deleted**********************
2025-04-19 23:58:05 [main] INFO  api.test.userTest - ****************** creating user**********************
2025-04-19 23:58:09 [main] INFO  api.test.userTest - ******************user is created**********************
2025-04-19 23:58:09 [main] INFO  api.test.userTest - ****************** retriving user**********************
2025-04-19 23:58:11 [main] INFO  api.test.userTest - ****************** Updating user**********************
2025-04-19 23:58:13 [main] INFO  api.test.userTest - ****************** deleting user**********************
2025-04-19 23:59:15 [main] INFO  api.test.userTest - ****************** creating user**********************
2025-04-19 23:59:18 [main] INFO  api.test.userTest - ******************user is created**********************
2025-04-19 23:59:18 [main] INFO  api.test.userTest - ****************** retriving user**********************
2025-04-19 23:59:19 [main] INFO  api.test.userTest - ******************user is retrived **********************
2025-04-19 23:59:19 [main] INFO  api.test.userTest - ****************** Updating user**********************
2025-04-19 23:59:21 [main] INFO  api.test.userTest - ****************** deleting user**********************
2025-04-19 23:59:23 [main] INFO  api.test.userTest - ******************user id deleted**********************
